Using pre-set license
Built from '2022.3/staging' branch; Version is '2022.3.9f1 (ea401c316338) revision 15351836'; Using compiler version '192829333'; Build Type 'Release'
OS: 'Windows 10  (10.0.19045) 64bit Professional' Language: 'es' Physical Memory: 24512 MB
BatchMode: 1, IsHumanControllingUs: 0, StartBugReporterOnCrash: 0, Is64bit: 1, IsPro: 1

COMMAND LINE ARGUMENTS:
C:\Program Files\Unity\Hub\Editor\2022.3.9f1\Editor\Unity.exe
-adb2
-batchMode
-noUpm
-name
AssetImportWorker0
-projectPath
D:/Guardados/Cosas agrupadas/Productivo/unity/proyecto Translucido
-logFile
Logs/AssetImportWorker0.log
-srvPort
64235
Successfully changed project path to: D:/Guardados/Cosas agrupadas/Productivo/unity/proyecto Translucido
D:/Guardados/Cosas agrupadas/Productivo/unity/proyecto Translucido
[UnityMemory] Configuration Parameters - Can be set up in boot.config
    "memorysetup-bucket-allocator-granularity=16"
    "memorysetup-bucket-allocator-bucket-count=8"
    "memorysetup-bucket-allocator-block-size=33554432"
    "memorysetup-bucket-allocator-block-count=8"
    "memorysetup-main-allocator-block-size=16777216"
    "memorysetup-thread-allocator-block-size=16777216"
    "memorysetup-gfx-main-allocator-block-size=16777216"
    "memorysetup-gfx-thread-allocator-block-size=16777216"
    "memorysetup-cache-allocator-block-size=4194304"
    "memorysetup-typetree-allocator-block-size=2097152"
    "memorysetup-profiler-bucket-allocator-granularity=16"
    "memorysetup-profiler-bucket-allocator-bucket-count=8"
    "memorysetup-profiler-bucket-allocator-block-size=33554432"
    "memorysetup-profiler-bucket-allocator-block-count=8"
    "memorysetup-profiler-allocator-block-size=16777216"
    "memorysetup-profiler-editor-allocator-block-size=1048576"
    "memorysetup-temp-allocator-size-main=16777216"
    "memorysetup-job-temp-allocator-block-size=2097152"
    "memorysetup-job-temp-allocator-block-size-background=1048576"
    "memorysetup-job-temp-allocator-reduction-small-platforms=262144"
    "memorysetup-allocator-temp-initial-block-size-main=262144"
    "memorysetup-allocator-temp-initial-block-size-worker=262144"
    "memorysetup-temp-allocator-size-background-worker=32768"
    "memorysetup-temp-allocator-size-job-worker=262144"
    "memorysetup-temp-allocator-size-preload-manager=33554432"
    "memorysetup-temp-allocator-size-nav-mesh-worker=65536"
    "memorysetup-temp-allocator-size-audio-worker=65536"
    "memorysetup-temp-allocator-size-cloud-worker=32768"
    "memorysetup-temp-allocator-size-gi-baking-worker=262144"
    "memorysetup-temp-allocator-size-gfx=262144"
Player connection [14324] Host "[IP] 192.168.0.226 [Port] 0 [Flags] 2 [Guid] 1411360756 [EditorId] 1411360756 [Version] 1048832 [Id] WindowsEditor(7,Alvarete-PC) [Debug] 1 [PackageName] WindowsEditor [ProjectName] Editor" joined multi-casting on [225.0.0.222:54997]...

Player connection [14324] Host "[IP] 192.168.0.226 [Port] 0 [Flags] 2 [Guid] 1411360756 [EditorId] 1411360756 [Version] 1048832 [Id] WindowsEditor(7,Alvarete-PC) [Debug] 1 [PackageName] WindowsEditor [ProjectName] Editor" joined alternative multi-casting on [225.0.0.222:34997]...

[Physics::Module] Initialized MultithreadedJobDispatcher with 3 workers.
Refreshing native plugins compatible for Editor in 19.66 ms, found 2 plugins.
Preloading 0 native plugins for Editor in 0.00 ms.
Initialize engine version: 2022.3.9f1 (ea401c316338)
[Subsystems] Discovering subsystems at path C:/Program Files/Unity/Hub/Editor/2022.3.9f1/Editor/Data/Resources/UnitySubsystems
[Subsystems] Discovering subsystems at path D:/Guardados/Cosas agrupadas/Productivo/unity/proyecto Translucido/Assets
GfxDevice: creating device client; threaded=0; jobified=0
Direct3D:
    Version:  Direct3D 11.0 [level 11.1]
    Renderer: Radeon RX 580 Series (ID=0x67df)
    Vendor:   ATI
    VRAM:     8170 MB
    Driver:   31.0.21905.1001
Shader Hidden/ProbeVolume/VoxelizeScene is not supported: GPU does not support conservative rasterization
Initialize mono
Mono path[0] = 'C:/Program Files/Unity/Hub/Editor/2022.3.9f1/Editor/Data/Managed'
Mono path[1] = 'C:/Program Files/Unity/Hub/Editor/2022.3.9f1/Editor/Data/MonoBleedingEdge/lib/mono/unityjit-win32'
Mono config path = 'C:/Program Files/Unity/Hub/Editor/2022.3.9f1/Editor/Data/MonoBleedingEdge/etc'
Using monoOptions --debugger-agent=transport=dt_socket,embedding=1,server=y,suspend=n,address=127.0.0.1:56272
Begin MonoManager ReloadAssembly
Registering precompiled unity dll's ...
Register platform support module: C:/Program Files/Unity/Hub/Editor/2022.3.9f1/Editor/Data/PlaybackEngines/WebGLSupport/UnityEditor.WebGL.Extensions.dll
Register platform support module: C:/Program Files/Unity/Hub/Editor/2022.3.9f1/Editor/Data/PlaybackEngines/MacStandaloneSupport/UnityEditor.OSXStandalone.Extensions.dll
Register platform support module: C:/Program Files/Unity/Hub/Editor/2022.3.9f1/Editor/Data/PlaybackEngines/AndroidPlayer/UnityEditor.Android.Extensions.dll
Register platform support module: C:/Program Files/Unity/Hub/Editor/2022.3.9f1/Editor/Data/PlaybackEngines/iOSSupport/UnityEditor.iOS.Extensions.dll
Register platform support module: C:/Program Files/Unity/Hub/Editor/2022.3.9f1/Editor/Data/PlaybackEngines/AppleTVSupport/UnityEditor.AppleTV.Extensions.dll
Register platform support module: C:/Program Files/Unity/Hub/Editor/2022.3.9f1/Editor/Data/PlaybackEngines/WindowsStandaloneSupport/UnityEditor.WindowsStandalone.Extensions.dll
Register platform support module: C:/Program Files/Unity/Hub/Editor/2022.3.9f1/Editor/Data/PlaybackEngines/LinuxStandaloneSupport/UnityEditor.LinuxStandalone.Extensions.dll
Register platform support module: C:/Program Files/Unity/Hub/Editor/2022.3.9f1/Editor/Data/PlaybackEngines/MetroSupport/UnityEditor.UWP.Extensions.dll
Registered in 0.025792 seconds.
- Loaded All Assemblies, in  0.678 seconds
Native extension for UWP target not found
Native extension for LinuxStandalone target not found
Native extension for WindowsStandalone target not found
[usbmuxd] Start listen thread
[usbmuxd] Listen thread started
Native extension for AppleTV target not found
[usbmuxd] Start listen thread
[usbmuxd] Listen thread started
Native extension for iOS target not found
Native extension for Android target not found
Android Extension - Scanning For ADB Devices 440 ms
Native extension for OSXStandalone target not found
Native extension for WebGL target not found
Mono: successfully reloaded assembly
- Finished resetting the current domain, in  0.921 seconds
Domain Reload Profiling: 1598ms
	BeginReloadAssembly (256ms)
		ExecutionOrderSort (0ms)
		DisableScriptedObjects (0ms)
		BackupInstance (0ms)
		ReleaseScriptingObjects (0ms)
		CreateAndSetChildDomain (1ms)
	RebuildCommonClasses (69ms)
	RebuildNativeTypeToScriptingClass (16ms)
	initialDomainReloadingComplete (104ms)
	LoadAllAssembliesAndSetupDomain (232ms)
		LoadAssemblies (256ms)
		RebuildTransferFunctionScriptingTraits (0ms)
		AnalyzeDomain (227ms)
			TypeCache.Refresh (225ms)
				TypeCache.ScanAssembly (205ms)
			ScanForSourceGeneratedMonoScriptInfo (0ms)
			ResolveRequiredComponents (1ms)
	FinalizeReload (922ms)
		ReleaseScriptCaches (0ms)
		RebuildScriptCaches (0ms)
		SetupLoadedEditorAssemblies (845ms)
			LogAssemblyErrors (0ms)
			InitializePlatformSupportModulesInManaged (654ms)
			SetLoadedEditorAssemblies (7ms)
			RefreshPlugins (0ms)
			BeforeProcessingInitializeOnLoad (3ms)
			ProcessInitializeOnLoadAttributes (127ms)
			ProcessInitializeOnLoadMethodAttributes (53ms)
			AfterProcessingInitializeOnLoad (0ms)
			EditorAssembliesLoaded (0ms)
		ExecutionOrderSort2 (0ms)
		AwakeInstancesAfterBackupRestoration (0ms)
========================================================================
Worker process is ready to serve import requests
Begin MonoManager ReloadAssembly
Symbol file LoadedFromMemory is not a mono symbol file
- Loaded All Assemblies, in  0.795 seconds
Refreshing native plugins compatible for Editor in 7.04 ms, found 2 plugins.
Native extension for UWP target not found
Native extension for LinuxStandalone target not found
Native extension for WindowsStandalone target not found
Native extension for AppleTV target not found
Native extension for iOS target not found
Native extension for Android target not found
Native extension for OSXStandalone target not found
Native extension for WebGL target not found
Package Manager log level set to [2]
[Package Manager] Server::EnsureServerProcessIsRunning -- launch failed, reason: Unity was launched with the -noUpm command-line argument
[Package Manager] UpmClient::Send -- Unable to send message (not connected to UPM process).
[Package Manager] Cannot connect to Unity Package Manager local server
Mono: successfully reloaded assembly
- Finished resetting the current domain, in  1.489 seconds
Domain Reload Profiling: 2282ms
	BeginReloadAssembly (174ms)
		ExecutionOrderSort (0ms)
		DisableScriptedObjects (7ms)
		BackupInstance (0ms)
		ReleaseScriptingObjects (0ms)
		CreateAndSetChildDomain (25ms)
	RebuildCommonClasses (39ms)
	RebuildNativeTypeToScriptingClass (14ms)
	initialDomainReloadingComplete (45ms)
	LoadAllAssembliesAndSetupDomain (520ms)
		LoadAssemblies (398ms)
		RebuildTransferFunctionScriptingTraits (0ms)
		AnalyzeDomain (223ms)
			TypeCache.Refresh (178ms)
				TypeCache.ScanAssembly (154ms)
			ScanForSourceGeneratedMonoScriptInfo (33ms)
			ResolveRequiredComponents (11ms)
	FinalizeReload (1490ms)
		ReleaseScriptCaches (0ms)
		RebuildScriptCaches (0ms)
		SetupLoadedEditorAssemblies (1192ms)
			LogAssemblyErrors (0ms)
			InitializePlatformSupportModulesInManaged (88ms)
			SetLoadedEditorAssemblies (6ms)
			RefreshPlugins (0ms)
			BeforeProcessingInitializeOnLoad (109ms)
			ProcessInitializeOnLoadAttributes (694ms)
			ProcessInitializeOnLoadMethodAttributes (287ms)
			AfterProcessingInitializeOnLoad (8ms)
			EditorAssembliesLoaded (0ms)
		ExecutionOrderSort2 (0ms)
		AwakeInstancesAfterBackupRestoration (9ms)
Shader Hidden/ProbeVolume/VoxelizeScene is not supported: GPU does not support conservative rasterization
Launched and connected shader compiler UnityShaderCompiler.exe after 0.08 seconds
Refreshing native plugins compatible for Editor in 8.61 ms, found 2 plugins.
Preloading 0 native plugins for Editor in 0.00 ms.
Unloading 4698 Unused Serialized files (Serialized files now loaded: 0)
Unloading 107 unused Assets / (158.7 KB). Loaded Objects now: 5142.
Memory consumption went from 200.0 MB to 199.8 MB.
Total: 10.406400 ms (FindLiveObjects: 0.421100 ms CreateObjectMapping: 0.482600 ms MarkObjects: 9.267400 ms  DeleteObjects: 0.234400 ms)

AssetImportParameters requested are different than current active one (requested -> active):
  custom:container-demuxer-ogg: 62fdf1f143b41e24485cea50d1cbac27 -> 
  custom:video-decoder-ogg-theora: a1e56fd34408186e4bbccfd4996cb3dc -> 
  custom:framework-win-MediaFoundation: 216162199b28c13a410421893ffa2e32 -> 
  custom:CustomObjectIndexerAttribute: a3ef5dd2817f97addfee359851a9dba5 -> 
  custom:container-demuxer-webm: 4f35f7cbe854078d1ac9338744f61a02 -> 
  custom:container-muxer-webm: aa71ff27fc2769a1b78a27578f13a17b -> 
  custom:video-decoder-webm-vp8: 9c59270c3fd7afecdb556c50c9e8de78 -> 
  custom:SearchIndexIgnoredProperties: e643bd26f0fe6173181afceb89e7c659 -> 
  custom:AudioImporter_EditorPlatform: d09bf68614088b80899f8185d706f6e7 -> 
  custom:video-encoder-webm-vp8: eb34c28f22e8b96e1ab97ce403110664 -> 
  custom:audio-decoder-ogg-vorbis: bf7c407c2cedff20999df2af8eb42d56 -> 
  custom:audio-encoder-webm-vorbis: bf7c407c2cedff20999df2af8eb42d56 -> 
========================================================================
Received Import Request.
  Time since last request: 695739.428271 seconds.
  path: Assets/Texturizado/MaterialTexturizador.mat
  artifactKey: Guid(7011a34a34f366646a4b234b332d3440) Importer(815301076,1909f56bfc062723c751e8b465ee728b)
Start importing Assets/Texturizado/MaterialTexturizador.mat using Guid(7011a34a34f366646a4b234b332d3440) Importer(815301076,1909f56bfc062723c751e8b465ee728b)  -> (artifact id: 'd23642a1e20a1e8d4bbf1baeef90ed40') in 0.330848 seconds
Number of updated asset objects reloaded before import = 0
Number of asset objects unloaded after import = 4
========================================================================
Received Import Request.
  Time since last request: 154.969585 seconds.
  path: Assets/Texturizado/ExteriorCerca.mat
  artifactKey: Guid(1c2fa6643e1745d44897be65b785277c) Importer(815301076,1909f56bfc062723c751e8b465ee728b)
Start importing Assets/Texturizado/ExteriorCerca.mat using Guid(1c2fa6643e1745d44897be65b785277c) Importer(815301076,1909f56bfc062723c751e8b465ee728b)  -> (artifact id: '1317e0810115775ed5b0b81b129a19c9') in 2.026419 seconds
Number of updated asset objects reloaded before import = 1
Number of asset objects unloaded after import = 3
========================================================================
Received Import Request.
  Time since last request: 0.000027 seconds.
  path: Assets/Texturizado/InteriorDetras.mat
  artifactKey: Guid(71652ce6358f8ce42b4ba56e961fd189) Importer(815301076,1909f56bfc062723c751e8b465ee728b)
Start importing Assets/Texturizado/InteriorDetras.mat using Guid(71652ce6358f8ce42b4ba56e961fd189) Importer(815301076,1909f56bfc062723c751e8b465ee728b)  -> (artifact id: 'b8cdf072c6ac14ada54f66168cb76e69') in 0.021922 seconds
Number of updated asset objects reloaded before import = 0
Number of asset objects unloaded after import = 3
========================================================================
Received Import Request.
  Time since last request: 304.341805 seconds.
  path: Assets/Texturizado/ExteriorCerca.mat
  artifactKey: Guid(1c2fa6643e1745d44897be65b785277c) Importer(815301076,1909f56bfc062723c751e8b465ee728b)
Start importing Assets/Texturizado/ExteriorCerca.mat using Guid(1c2fa6643e1745d44897be65b785277c) Importer(815301076,1909f56bfc062723c751e8b465ee728b)  -> (artifact id: 'ce807d9bb441fd864d6e9342a011c43a') in 1.549723 seconds
Number of updated asset objects reloaded before import = 1
Number of asset objects unloaded after import = 3
========================================================================
Received Import Request.
  Time since last request: 0.000026 seconds.
  path: Assets/Texturizado/InteriorDetras.mat
  artifactKey: Guid(71652ce6358f8ce42b4ba56e961fd189) Importer(815301076,1909f56bfc062723c751e8b465ee728b)
Start importing Assets/Texturizado/InteriorDetras.mat using Guid(71652ce6358f8ce42b4ba56e961fd189) Importer(815301076,1909f56bfc062723c751e8b465ee728b)  -> (artifact id: '98c8f70c1b6443e68cd6277f606ed1b1') in 0.019609 seconds
Number of updated asset objects reloaded before import = 0
Number of asset objects unloaded after import = 3
========================================================================
Received Import Request.
  Time since last request: 502.064022 seconds.
  path: Assets/Texturizado/shaders/Texturador 1.shadergraph
  artifactKey: Guid(1848e2e7bb1e08e45aa53ea9a37cd057) Importer(815301076,1909f56bfc062723c751e8b465ee728b)
Start importing Assets/Texturizado/shaders/Texturador 1.shadergraph using Guid(1848e2e7bb1e08e45aa53ea9a37cd057) Importer(815301076,1909f56bfc062723c751e8b465ee728b)  -> (artifact id: '6ddf2006fa2c8ce611dea511064112b8') in 1.618351 seconds
Number of updated asset objects reloaded before import = 1
Number of asset objects unloaded after import = 4
========================================================================
Received Import Request.
  Time since last request: 9.360839 seconds.
  path: Assets/Texturizado/shaders/Texturizador 2.0.shadergraph
  artifactKey: Guid(1848e2e7bb1e08e45aa53ea9a37cd057) Importer(815301076,1909f56bfc062723c751e8b465ee728b)
Start importing Assets/Texturizado/shaders/Texturizador 2.0.shadergraph using Guid(1848e2e7bb1e08e45aa53ea9a37cd057) Importer(815301076,1909f56bfc062723c751e8b465ee728b)  -> (artifact id: '78070a3ee851a3a7741ce3de61bfc83f') in 1.403627 seconds
Number of updated asset objects reloaded before import = 0
Number of asset objects unloaded after import = 4
========================================================================
Received Import Request.
  Time since last request: 3090.334048 seconds.
  path: Assets/Texturizado/shaders/Texturizador 2.0.shadergraph
  artifactKey: Guid(1848e2e7bb1e08e45aa53ea9a37cd057) Importer(815301076,1909f56bfc062723c751e8b465ee728b)
Start importing Assets/Texturizado/shaders/Texturizador 2.0.shadergraph using Guid(1848e2e7bb1e08e45aa53ea9a37cd057) Importer(815301076,1909f56bfc062723c751e8b465ee728b)  -> (artifact id: 'f251be3dcf8261b7768d997d1efbe3ec') in 1.629860 seconds
Number of updated asset objects reloaded before import = 0
Number of asset objects unloaded after import = 4
========================================================================
Received Import Request.
  Time since last request: 49.368163 seconds.
  path: Assets/Texturizado/shaders/MaterialTexturizador.mat
  artifactKey: Guid(ed999d86878aadb48a8f2368f2c98ac0) Importer(815301076,1909f56bfc062723c751e8b465ee728b)
Start importing Assets/Texturizado/shaders/MaterialTexturizador.mat using Guid(ed999d86878aadb48a8f2368f2c98ac0) Importer(815301076,1909f56bfc062723c751e8b465ee728b)  -> (artifact id: 'bcb2db6abc533fc4da1f3e240ddededd') in 0.024150 seconds
Number of updated asset objects reloaded before import = 0
Number of asset objects unloaded after import = 4
========================================================================
Received Import Request.
  Time since last request: 10018.302268 seconds.
  path: Assets/Texturizado/shaders/Texturizador 2.0.shadergraph
  artifactKey: Guid(1848e2e7bb1e08e45aa53ea9a37cd057) Importer(815301076,1909f56bfc062723c751e8b465ee728b)
Start importing Assets/Texturizado/shaders/Texturizador 2.0.shadergraph using Guid(1848e2e7bb1e08e45aa53ea9a37cd057) Importer(815301076,1909f56bfc062723c751e8b465ee728b)  -> (artifact id: 'df91c327aefff36594952e1bed5a8f13') in 1.371708 seconds
Number of updated asset objects reloaded before import = 0
Number of asset objects unloaded after import = 4
========================================================================
Received Import Request.
  Time since last request: 1156.844050 seconds.
  path: Assets/Sunnyland
  artifactKey: Guid(941eeaf419912db488ab5e35d621144c) Importer(815301076,1909f56bfc062723c751e8b465ee728b)
Start importing Assets/Sunnyland using Guid(941eeaf419912db488ab5e35d621144c) Importer(815301076,1909f56bfc062723c751e8b465ee728b)  -> (artifact id: '42f2b3184675534ffa8fb0aec92f0a1b') in 0.000938 seconds
Number of updated asset objects reloaded before import = 0
Number of asset objects unloaded after import = 0
========================================================================
Received Import Request.
  Time since last request: 2.289863 seconds.
  path: Assets/particulas
  artifactKey: Guid(26a3ab1f213b610498d73739193f41af) Importer(815301076,1909f56bfc062723c751e8b465ee728b)
Start importing Assets/particulas using Guid(26a3ab1f213b610498d73739193f41af) Importer(815301076,1909f56bfc062723c751e8b465ee728b)  -> (artifact id: '741691dad4c627ea41c07b575ba608d8') in 0.000504 seconds
Number of updated asset objects reloaded before import = 0
Number of asset objects unloaded after import = 0
========================================================================
Received Import Request.
  Time since last request: 0.118227 seconds.
  path: Assets/particulas/burbuja.png
  artifactKey: Guid(5e4ed9441b7de1144ad80c378a54ea34) Importer(815301076,1909f56bfc062723c751e8b465ee728b)
Start importing Assets/particulas/burbuja.png using Guid(5e4ed9441b7de1144ad80c378a54ea34) Importer(815301076,1909f56bfc062723c751e8b465ee728b)  -> (artifact id: 'dca8e63b035b54726ef51f879e785c3f') in 0.104942 seconds
Number of updated asset objects reloaded before import = 0
Number of asset objects unloaded after import = 3
========================================================================
Received Import Request.
  Time since last request: 0.000023 seconds.
  path: Assets/particulas/BurbujaFlor.fbx
  artifactKey: Guid(ecde5df5457fdd64b98f5f4308ca5b20) Importer(815301076,1909f56bfc062723c751e8b465ee728b)
Start importing Assets/particulas/BurbujaFlor.fbx using Guid(ecde5df5457fdd64b98f5f4308ca5b20) Importer(815301076,1909f56bfc062723c751e8b465ee728b)  -> (artifact id: '51233deb1d1b3edb3ea26def0091c8b7') in 0.207603 seconds
Number of updated asset objects reloaded before import = 0
Number of asset objects unloaded after import = 11
========================================================================
Received Import Request.
  Time since last request: 0.000033 seconds.
  path: Assets/particulas/sprites-burbuja.png
  artifactKey: Guid(cf8e5309bc606244cb5025304ccb41cb) Importer(815301076,1909f56bfc062723c751e8b465ee728b)
Start importing Assets/particulas/sprites-burbuja.png using Guid(cf8e5309bc606244cb5025304ccb41cb) Importer(815301076,1909f56bfc062723c751e8b465ee728b)  -> (artifact id: '375fb19bd48edba58181349b786ef7be') in 0.098670 seconds
Number of updated asset objects reloaded before import = 0
Number of asset objects unloaded after import = 4
========================================================================
Received Import Request.
  Time since last request: 10.822311 seconds.
  path: Assets/imagenes
  artifactKey: Guid(a08861bc6a2372c4c9c132a30b1636cc) Importer(815301076,1909f56bfc062723c751e8b465ee728b)
Start importing Assets/imagenes using Guid(a08861bc6a2372c4c9c132a30b1636cc) Importer(815301076,1909f56bfc062723c751e8b465ee728b)  -> (artifact id: '7d2bd8ab5e5acf15cebd4dd581ed771e') in 0.000554 seconds
Number of updated asset objects reloaded before import = 0
Number of asset objects unloaded after import = 0
========================================================================
Received Import Request.
  Time since last request: 0.073522 seconds.
  path: Assets/imagenes/botones.png
  artifactKey: Guid(19e5c5fee99d0b149b912e9b05d59952) Importer(815301076,1909f56bfc062723c751e8b465ee728b)
Start importing Assets/imagenes/botones.png using Guid(19e5c5fee99d0b149b912e9b05d59952) Importer(815301076,1909f56bfc062723c751e8b465ee728b)  -> (artifact id: 'dc2ac867d4e2edc3b86abb3ce613ec20') in 0.027307 seconds
Number of updated asset objects reloaded before import = 0
Number of asset objects unloaded after import = 3
========================================================================
Received Import Request.
  Time since last request: 0.000019 seconds.
  path: Assets/imagenes/CREDITOS.jpg
  artifactKey: Guid(8497f077dc331ef4e8341f4c4cd64e38) Importer(815301076,1909f56bfc062723c751e8b465ee728b)
Start importing Assets/imagenes/CREDITOS.jpg using Guid(8497f077dc331ef4e8341f4c4cd64e38) Importer(815301076,1909f56bfc062723c751e8b465ee728b)  -> (artifact id: '185003a22df4eac56d913ee980af1e32') in 0.036246 seconds
Number of updated asset objects reloaded before import = 0
Number of asset objects unloaded after import = 3
========================================================================
Received Import Request.
  Time since last request: 0.000019 seconds.
  path: Assets/imagenes/izq.png
  artifactKey: Guid(00dc9bbbf1257374da0d4009000bc0a3) Importer(815301076,1909f56bfc062723c751e8b465ee728b)
Start importing Assets/imagenes/izq.png using Guid(00dc9bbbf1257374da0d4009000bc0a3) Importer(815301076,1909f56bfc062723c751e8b465ee728b)  -> (artifact id: 'eabbf50b118eafb220c631fc988a587e') in 0.037284 seconds
Number of updated asset objects reloaded before import = 0
Number of asset objects unloaded after import = 3
========================================================================
Received Import Request.
  Time since last request: 0.000023 seconds.
  path: Assets/imagenes/saltar.png
  artifactKey: Guid(c0fc783c2a4fff24d9f4699724bb7f53) Importer(815301076,1909f56bfc062723c751e8b465ee728b)
Start importing Assets/imagenes/saltar.png using Guid(c0fc783c2a4fff24d9f4699724bb7f53) Importer(815301076,1909f56bfc062723c751e8b465ee728b)  -> (artifact id: '366bd2ffec459496253ae80a1970a81b') in 0.034028 seconds
Number of updated asset objects reloaded before import = 0
Number of asset objects unloaded after import = 3
========================================================================
Received Import Request.
  Time since last request: 18.624189 seconds.
  path: Assets/TextMesh Pro/Examples & Extras/Resources/Color Gradient Presets/Blue to Purple - Vertical.asset
  artifactKey: Guid(479a66fa4b094512a62b0a8e553ad95a) Importer(815301076,1909f56bfc062723c751e8b465ee728b)
Start importing Assets/TextMesh Pro/Examples & Extras/Resources/Color Gradient Presets/Blue to Purple - Vertical.asset using Guid(479a66fa4b094512a62b0a8e553ad95a) Importer(815301076,1909f56bfc062723c751e8b465ee728b)  -> (artifact id: 'a5e7abb65f65c7a9aac7838b719379ca') in 0.001704 seconds
Number of updated asset objects reloaded before import = 0
Number of asset objects unloaded after import = 1
========================================================================
Received Import Request.
  Time since last request: 2.015651 seconds.
  path: Assets/Samples/Universal RP/14.0.8/URP Package Samples/SharedAssets/Shaders/URPMainLight_Graph.shadersubgraph
  artifactKey: Guid(d2bd6acdfd61c443ebab517aa89164fa) Importer(815301076,1909f56bfc062723c751e8b465ee728b)
Start importing Assets/Samples/Universal RP/14.0.8/URP Package Samples/SharedAssets/Shaders/URPMainLight_Graph.shadersubgraph using Guid(d2bd6acdfd61c443ebab517aa89164fa) Importer(815301076,1909f56bfc062723c751e8b465ee728b)  -> (artifact id: '185c7326e48cc823e06f6f71be0e336d') in 0.012466 seconds
Number of updated asset objects reloaded before import = 0
Number of asset objects unloaded after import = 1
========================================================================
Received Import Request.
  Time since last request: 2.874065 seconds.
  path: Assets/Bitgem/StylisedWater/URP
  artifactKey: Guid(05ebf30bfcef09e479888e941b51c7fa) Importer(815301076,1909f56bfc062723c751e8b465ee728b)
Start importing Assets/Bitgem/StylisedWater/URP using Guid(05ebf30bfcef09e479888e941b51c7fa) Importer(815301076,1909f56bfc062723c751e8b465ee728b)  -> (artifact id: '4f916a32b615d2e397d32ec5bb192723') in 0.000544 seconds
Number of updated asset objects reloaded before import = 0
Number of asset objects unloaded after import = 0
========================================================================
Received Import Request.
  Time since last request: 16.698892 seconds.
  path: Assets/Samples/Universal RP/14.0.8/URP Package Samples
  artifactKey: Guid(f279850deca62104fa07cc9b7907d6f7) Importer(815301076,1909f56bfc062723c751e8b465ee728b)
Start importing Assets/Samples/Universal RP/14.0.8/URP Package Samples using Guid(f279850deca62104fa07cc9b7907d6f7) Importer(815301076,1909f56bfc062723c751e8b465ee728b)  -> (artifact id: 'a312019d460064f33a620b7e7a961526') in 0.000569 seconds
Number of updated asset objects reloaded before import = 0
Number of asset objects unloaded after import = 0
========================================================================
Received Import Request.
  Time since last request: 8.731751 seconds.
  path: Assets/Samples/Universal RP
  artifactKey: Guid(40b1397f3db80274886444e84fee7ad1) Importer(815301076,1909f56bfc062723c751e8b465ee728b)
Start importing Assets/Samples/Universal RP using Guid(40b1397f3db80274886444e84fee7ad1) Importer(815301076,1909f56bfc062723c751e8b465ee728b)  -> (artifact id: '804ac31660b35aba85019724e792c5c0') in 0.000510 seconds
Number of updated asset objects reloaded before import = 0
Number of asset objects unloaded after import = 0
========================================================================
Received Import Request.
  Time since last request: 3.635277 seconds.
  path: Assets/Samples/Universal RP/14.0.8
  artifactKey: Guid(2abc0c657b853f04db30e2058aa9f753) Importer(815301076,1909f56bfc062723c751e8b465ee728b)
Start importing Assets/Samples/Universal RP/14.0.8 using Guid(2abc0c657b853f04db30e2058aa9f753) Importer(815301076,1909f56bfc062723c751e8b465ee728b)  -> (artifact id: '855c1c8d12097c060a4b590cbfc063f2') in 0.000517 seconds
Number of updated asset objects reloaded before import = 0
Number of asset objects unloaded after import = 0
========================================================================
Received Import Request.
  Time since last request: 64.627400 seconds.
  path: Assets/Texturizado/texturas img/pasto
  artifactKey: Guid(8df88d42567a0f74886f9eebc08ca70f) Importer(815301076,1909f56bfc062723c751e8b465ee728b)
Start importing Assets/Texturizado/texturas img/pasto using Guid(8df88d42567a0f74886f9eebc08ca70f) Importer(815301076,1909f56bfc062723c751e8b465ee728b)  -> (artifact id: '22e88f2d50a8240bd78859acc96909b8') in 0.000676 seconds
Number of updated asset objects reloaded before import = 0
Number of asset objects unloaded after import = 0
========================================================================
Received Import Request.
  Time since last request: 0.089856 seconds.
  path: Assets/Texturizado/texturas img/pasto/pasto1.jpg
  artifactKey: Guid(ed1ce7ba5e78ad341b12022c959b70c6) Importer(815301076,1909f56bfc062723c751e8b465ee728b)
Start importing Assets/Texturizado/texturas img/pasto/pasto1.jpg using Guid(ed1ce7ba5e78ad341b12022c959b70c6) Importer(815301076,1909f56bfc062723c751e8b465ee728b)  -> (artifact id: '9d8ec413cf1595472a31ae5cd6043862') in 0.021828 seconds
Number of updated asset objects reloaded before import = 0
Number of asset objects unloaded after import = 2
========================================================================
Received Import Request.
  Time since last request: 1.608460 seconds.
  path: Assets/Texturizado/texturas img/enlozado
  artifactKey: Guid(2ee0e1dda490b0d4e9b8b113a01d2077) Importer(815301076,1909f56bfc062723c751e8b465ee728b)
Start importing Assets/Texturizado/texturas img/enlozado using Guid(2ee0e1dda490b0d4e9b8b113a01d2077) Importer(815301076,1909f56bfc062723c751e8b465ee728b)  -> (artifact id: '42f4b2ee090156bb21aea78d669e7243') in 0.000563 seconds
Number of updated asset objects reloaded before import = 0
Number of asset objects unloaded after import = 0
========================================================================
Received Import Request.
  Time since last request: 0.086325 seconds.
  path: Assets/Texturizado/texturas img/enlozado/enlozado.jpg
  artifactKey: Guid(d39775aed743c014abd987dee5b3267f) Importer(815301076,1909f56bfc062723c751e8b465ee728b)
Start importing Assets/Texturizado/texturas img/enlozado/enlozado.jpg using Guid(d39775aed743c014abd987dee5b3267f) Importer(815301076,1909f56bfc062723c751e8b465ee728b)  -> (artifact id: '1fbfe91a9f089793e85c39aeeaca86c9') in 0.018022 seconds
Number of updated asset objects reloaded before import = 0
Number of asset objects unloaded after import = 2
========================================================================
Received Import Request.
  Time since last request: 0.004644 seconds.
  path: Assets/Texturizado/texturas img/enlozado/enlozado3.jpg
  artifactKey: Guid(cb584bc7242e4ef4bbc49ce2cf36451e) Importer(815301076,1909f56bfc062723c751e8b465ee728b)
Start importing Assets/Texturizado/texturas img/enlozado/enlozado3.jpg using Guid(cb584bc7242e4ef4bbc49ce2cf36451e) Importer(815301076,1909f56bfc062723c751e8b465ee728b)  -> (artifact id: 'f3b62f8e05c0dd77dbac804468ffc486') in 0.019720 seconds
Number of updated asset objects reloaded before import = 0
Number of asset objects unloaded after import = 2
========================================================================
Received Import Request.
  Time since last request: 0.003935 seconds.
  path: Assets/Texturizado/texturas img/enlozado/enlozado5.jpg
  artifactKey: Guid(888496dc07e825544aebce9619e681c6) Importer(815301076,1909f56bfc062723c751e8b465ee728b)
Start importing Assets/Texturizado/texturas img/enlozado/enlozado5.jpg using Guid(888496dc07e825544aebce9619e681c6) Importer(815301076,1909f56bfc062723c751e8b465ee728b)  -> (artifact id: '24560c03ac94b0d41db5f0cfe1c12b76') in 0.022815 seconds
Number of updated asset objects reloaded before import = 0
Number of asset objects unloaded after import = 2
========================================================================
Received Import Request.
  Time since last request: 0.000020 seconds.
  path: Assets/Texturizado/texturas img/enlozado/enlozado7.jpg
  artifactKey: Guid(cbd09b4ab96810649b2c04d65fed0991) Importer(815301076,1909f56bfc062723c751e8b465ee728b)
Start importing Assets/Texturizado/texturas img/enlozado/enlozado7.jpg using Guid(cbd09b4ab96810649b2c04d65fed0991) Importer(815301076,1909f56bfc062723c751e8b465ee728b)  -> (artifact id: 'a111bebe7b97db71fd0f0ac4796b21a5') in 0.023687 seconds
Number of updated asset objects reloaded before import = 0
Number of asset objects unloaded after import = 2
========================================================================
Received Import Request.
  Time since last request: 1.434170 seconds.
  path: Assets/Texturizado/texturas img/calle
  artifactKey: Guid(b476a267accea6945bbf7eed70a02318) Importer(815301076,1909f56bfc062723c751e8b465ee728b)
Start importing Assets/Texturizado/texturas img/calle using Guid(b476a267accea6945bbf7eed70a02318) Importer(815301076,1909f56bfc062723c751e8b465ee728b)  -> (artifact id: '2c2cec508328b96d3c5bf35f19890399') in 0.000677 seconds
Number of updated asset objects reloaded before import = 0
Number of asset objects unloaded after import = 0
========================================================================
Received Import Request.
  Time since last request: 0.099862 seconds.
  path: Assets/Texturizado/texturas img/calle/calle crudo.png
  artifactKey: Guid(88cbbbf819f0dc94bbce58256026ed6f) Importer(815301076,1909f56bfc062723c751e8b465ee728b)
Start importing Assets/Texturizado/texturas img/calle/calle crudo.png using Guid(88cbbbf819f0dc94bbce58256026ed6f) Importer(815301076,1909f56bfc062723c751e8b465ee728b)  -> (artifact id: '0b4d57d178f568355c4aea968fdd43dd') in 0.021216 seconds
Number of updated asset objects reloaded before import = 0
Number of asset objects unloaded after import = 2
========================================================================
Received Import Request.
  Time since last request: 0.000019 seconds.
  path: Assets/Texturizado/texturas img/calle/suelo2.jpg
  artifactKey: Guid(5942dfff4f0929e429deb996fbeaf45d) Importer(815301076,1909f56bfc062723c751e8b465ee728b)
Start importing Assets/Texturizado/texturas img/calle/suelo2.jpg using Guid(5942dfff4f0929e429deb996fbeaf45d) Importer(815301076,1909f56bfc062723c751e8b465ee728b)  -> (artifact id: 'c8f2bfb1a68384628b0401862bcc96d0') in 0.031990 seconds
Number of updated asset objects reloaded before import = 0
Number of asset objects unloaded after import = 3
========================================================================
Received Import Request.
  Time since last request: 6350.648138 seconds.
  path: Assets
  artifactKey: Guid(00000000000000001000000000000000) Importer(815301076,1909f56bfc062723c751e8b465ee728b)
Start importing Assets using Guid(00000000000000001000000000000000) Importer(815301076,1909f56bfc062723c751e8b465ee728b)  -> (artifact id: '8a4fe85251aa2e89732c359432baa2c3') in 0.000832 seconds
Number of updated asset objects reloaded before import = 0
Number of asset objects unloaded after import = 0
========================================================================
Received Import Request.
  Time since last request: 6.186703 seconds.
  path: Assets/Texturizado/shaders/MaterialTexturizador.mat
  artifactKey: Guid(ed999d86878aadb48a8f2368f2c98ac0) Importer(815301076,1909f56bfc062723c751e8b465ee728b)
Start importing Assets/Texturizado/shaders/MaterialTexturizador.mat using Guid(ed999d86878aadb48a8f2368f2c98ac0) Importer(815301076,1909f56bfc062723c751e8b465ee728b)  -> (artifact id: '16b16258f2ece081ced161089a8864a8') in 0.037373 seconds
Number of updated asset objects reloaded before import = 0
Number of asset objects unloaded after import = 5
========================================================================
Received Import Request.
  Time since last request: 75.715549 seconds.
  path: Assets/Texturizado/shaders/Prueba.shadergraph
  artifactKey: Guid(a6d4f8dc723cf6a41812c46997a64cc0) Importer(815301076,1909f56bfc062723c751e8b465ee728b)
Start importing Assets/Texturizado/shaders/Prueba.shadergraph using Guid(a6d4f8dc723cf6a41812c46997a64cc0) Importer(815301076,1909f56bfc062723c751e8b465ee728b)  -> (artifact id: 'a14d3f37755686dce64e5bf1bfd11759') in 0.436341 seconds
Number of updated asset objects reloaded before import = 0
Number of asset objects unloaded after import = 3
========================================================================
Received Import Request.
  Time since last request: 23.651818 seconds.
  path: Assets/Texturizado/shaders/Prueba.shadergraph
  artifactKey: Guid(a6d4f8dc723cf6a41812c46997a64cc0) Importer(815301076,1909f56bfc062723c751e8b465ee728b)
Start importing Assets/Texturizado/shaders/Prueba.shadergraph using Guid(a6d4f8dc723cf6a41812c46997a64cc0) Importer(815301076,1909f56bfc062723c751e8b465ee728b)  -> (artifact id: 'b9ccdbcba2a5bc37e45704306a990297') in 0.452134 seconds
Number of updated asset objects reloaded before import = 0
Number of asset objects unloaded after import = 3
